
> tel-bot@1.0.0 reindex:channel
> node src/scripts/reindexPrivateChannel.js

📡 Reindex channel -1002338800469
   message_id 1 → 5000
   dry_run=false
(node:12240) Warning: Setting the NODE_TLS_REJECT_UNAUTHORIZED environment variable to '0' makes TLS connections and HTTPS requests insecure by disabling certificate verification.
(Use `node --trace-warnings ...` to show where the warning was created)
❌ msgId=1: Bad Request: the message can't be forwarded
… 200 | restored=0 skipped=0 notFound=199 errors=1
❌ msgId=226: Bad Request: the message can't be forwarded
… 400 | restored=137 skipped=0 notFound=261 errors=2
… 600 | restored=271 skipped=0 notFound=327 errors=2
… 800 | restored=441 skipped=0 notFound=357 errors=2
… 1000 | restored=598 skipped=0 notFound=400 errors=2
… 1200 | restored=782 skipped=0 notFound=416 errors=2
… 1400 | restored=978 skipped=0 notFound=420 errors=2
… 1600 | restored=1169 skipped=0 notFound=429 errors=2
… 1800 | restored=1351 skipped=0 notFound=447 errors=2
… 2000 | restored=1551 skipped=0 notFound=447 errors=2
… 2200 | restored=1744 skipped=0 notFound=454 errors=2
… 2400 | restored=1943 skipped=0 notFound=455 errors=2
❌ msgId=2458: Too Many Requests: retry after 1208
❌ msgId=2459: Too Many Requests: retry after 1208
❌ msgId=2460: Too Many Requests: retry after 1207
❌ msgId=2461: Too Many Requests: retry after 1207
❌ msgId=2462: Too Many Requests: retry after 1206
❌ msgId=2463: Too Many Requests: retry after 1206
❌ msgId=2464: Too Many Requests: retry after 1205
❌ msgId=2465: Too Many Requests: retry after 1205
❌ msgId=2466: Too Many Requests: retry after 1205
❌ msgId=2467: Too Many Requests: retry after 1204
❌ msgId=2468: Too Many Requests: retry after 1204
❌ msgId=2469: Too Many Requests: retry after 1204
❌ msgId=2470: Too Many Requests: retry after 1203
❌ msgId=2471: Too Many Requests: retry after 1203
❌ msgId=2472: Too Many Requests: retry after 1200
❌ msgId=2473: Too Many Requests: retry after 1200
❌ msgId=2474: Too Many Requests: retry after 1200
❌ msgId=2475: Too Many Requests: retry after 1199
❌ msgId=2476: Too Many Requests: retry after 1198
❌ msgId=2477: Too Many Requests: retry after 1198
❌ msgId=2478: Too Many Requests: retry after 1197
❌ msgId=2479: Too Many Requests: retry after 1197
❌ msgId=2480: Too Many Requests: retry after 1197
❌ msgId=2481: Too Many Requests: retry after 1196
❌ msgId=2482: Too Many Requests: retry after 1196
❌ msgId=2483: Too Many Requests: retry after 1195
❌ msgId=2484: Too Many Requests: retry after 1190
❌ msgId=2485: Too Many Requests: retry after 1190
❌ msgId=2486: Too Many Requests: retry after 1189
❌ msgId=2487: Too Many Requests: retry after 1189
❌ msgId=2488: Too Many Requests: retry after 1188
❌ msgId=2489: Too Many Requests: retry after 1188
❌ msgId=2490: Too Many Requests: retry after 1187
❌ msgId=2491: Too Many Requests: retry after 1187
❌ msgId=2492: Too Many Requests: retry after 1186
❌ msgId=2493: Too Many Requests: retry after 1186
❌ msgId=2494: Too Many Requests: retry after 1185
❌ msgId=2495: Too Many Requests: retry after 1185
❌ msgId=2496: Too Many Requests: retry after 1184
❌ msgId=2497: Too Many Requests: retry after 1184
❌ msgId=2498: Too Many Requests: retry after 1184
❌ msgId=2499: Too Many Requests: retry after 1183
❌ msgId=2500: Too Many Requests: retry after 1183
❌ msgId=2501: Too Many Requests: retry after 1181
❌ msgId=2502: Too Many Requests: retry after 1181
❌ msgId=2503: Too Many Requests: retry after 1180
❌ msgId=2504: Too Many Requests: retry after 1179
❌ msgId=2505: Too Many Requests: retry after 1179
❌ msgId=2506: Too Many Requests: retry after 1178
❌ msgId=2507: Too Many Requests: retry after 1178
❌ msgId=2508: Too Many Requests: retry after 1177
❌ msgId=2509: Too Many Requests: retry after 1177
❌ msgId=2510: Too Many Requests: retry after 1177
❌ msgId=2511: Too Many Requests: retry after 1176
❌ msgId=2512: Too Many Requests: retry after 1176
❌ msgId=2513: Too Many Requests: retry after 1175
❌ msgId=2514: Too Many Requests: retry after 1174
❌ msgId=2515: Too Many Requests: retry after 1173
❌ msgId=2516: Too Many Requests: retry after 1173
❌ msgId=2517: Too Many Requests: retry after 1173
❌ msgId=2518: Too Many Requests: retry after 1172
❌ msgId=2519: Too Many Requests: retry after 1171
❌ msgId=2520: Too Many Requests: retry after 1171
❌ msgId=2521: Too Many Requests: retry after 1171
❌ msgId=2522: Too Many Requests: retry after 1171
❌ msgId=2523: Too Many Requests: retry after 1170
❌ msgId=2524: Too Many Requests: retry after 1169
❌ msgId=2525: Too Many Requests: retry after 1169
❌ msgId=2526: Too Many Requests: retry after 1169
❌ msgId=2527: Too Many Requests: retry after 1168
❌ msgId=2528: Too Many Requests: retry after 1168
❌ msgId=2529: Too Many Requests: retry after 1166
❌ msgId=2530: Too Many Requests: retry after 1165
❌ msgId=2531: Too Many Requests: retry after 1165
❌ msgId=2532: Too Many Requests: retry after 1162
❌ msgId=2533: Too Many Requests: retry after 1161
❌ msgId=2534: Too Many Requests: retry after 1161
❌ msgId=2535: Too Many Requests: retry after 1160
❌ msgId=2536: Too Many Requests: retry after 1159
❌ msgId=2537: Too Many Requests: retry after 1154
❌ msgId=2538: Too Many Requests: retry after 1153
❌ msgId=2539: Too Many Requests: retry after 1153
❌ msgId=2540: Too Many Requests: retry after 1152
❌ msgId=2541: Too Many Requests: retry after 1152
❌ msgId=2542: Too Many Requests: retry after 1151
❌ msgId=2543: Too Many Requests: retry after 1150
❌ msgId=2544: Too Many Requests: retry after 1150
❌ msgId=2546: Too Many Requests: retry after 1149
❌ msgId=2547: Too Many Requests: retry after 1148
❌ msgId=2548: Too Many Requests: retry after 1148
❌ msgId=2549: Too Many Requests: retry after 1147
❌ msgId=2550: Too Many Requests: retry after 1146
❌ msgId=2551: Too Many Requests: retry after 1146
❌ msgId=2552: Too Many Requests: retry after 1145
❌ msgId=2553: Too Many Requests: retry after 1141
❌ msgId=2554: Too Many Requests: retry after 1141
❌ msgId=2555: Too Many Requests: retry after 1141
❌ msgId=2556: Too Many Requests: retry after 1140
❌ msgId=2557: Too Many Requests: retry after 1140
❌ msgId=2558: Too Many Requests: retry after 1139
❌ msgId=2559: Too Many Requests: retry after 1138
❌ msgId=2560: Too Many Requests: retry after 1137
❌ msgId=2561: Too Many Requests: retry after 1137
❌ msgId=2562: Too Many Requests: retry after 1136
❌ msgId=2563: Too Many Requests: retry after 1136
❌ msgId=2564: Too Many Requests: retry after 1136
❌ msgId=2565: Too Many Requests: retry after 1135
❌ msgId=2566: Too Many Requests: retry after 1135
❌ msgId=2567: Too Many Requests: retry after 1135
❌ msgId=2568: Too Many Requests: retry after 1134
❌ msgId=2569: Too Many Requests: retry after 1134
❌ msgId=2570: Too Many Requests: retry after 1133
❌ msgId=2571: Too Many Requests: retry after 1133
❌ msgId=2572: Too Many Requests: retry after 1132
❌ msgId=2573: Too Many Requests: retry after 1131
❌ msgId=2574: Too Many Requests: retry after 1131
❌ msgId=2575: Too Many Requests: retry after 1131
❌ msgId=2576: Too Many Requests: retry after 1130
❌ msgId=2577: Too Many Requests: retry after 1130
❌ msgId=2578: Too Many Requests: retry after 1129
❌ msgId=2579: Too Many Requests: retry after 1128
❌ msgId=2580: Too Many Requests: retry after 1128
❌ msgId=2581: Too Many Requests: retry after 1128
❌ msgId=2582: Too Many Requests: retry after 1127
❌ msgId=2583: Too Many Requests: retry after 1126
❌ msgId=2584: Too Many Requests: retry after 1125
❌ msgId=2585: Too Many Requests: retry after 1125
❌ msgId=2586: Too Many Requests: retry after 1125
❌ msgId=2587: Too Many Requests: retry after 1124
❌ msgId=2588: Too Many Requests: retry after 1124
❌ msgId=2589: Too Many Requests: retry after 1124
❌ msgId=2590: Too Many Requests: retry after 1123
❌ msgId=2591: Too Many Requests: retry after 1123
❌ msgId=2592: Too Many Requests: retry after 1122
❌ msgId=2593: Too Many Requests: retry after 1122
❌ msgId=2594: Too Many Requests: retry after 1121
❌ msgId=2595: Too Many Requests: retry after 1121
❌ msgId=2596: Too Many Requests: retry after 1120
❌ msgId=2597: Too Many Requests: retry after 1120
❌ msgId=2598: Too Many Requests: retry after 1119
❌ msgId=2599: Too Many Requests: retry after 1118
… 2600 | restored=2000 skipped=0 notFound=457 errors=143
❌ msgId=2603: Too Many Requests: retry after 1116
❌ msgId=2604: Too Many Requests: retry after 1116
❌ msgId=2605: Too Many Requests: retry after 1115
❌ msgId=2606: Too Many Requests: retry after 1115
❌ msgId=2607: Too Many Requests: retry after 1114
❌ msgId=2608: Too Many Requests: retry after 1113
❌ msgId=2609: Too Many Requests: retry after 1112
❌ msgId=2610: Too Many Requests: retry after 1111
❌ msgId=2611: Too Many Requests: retry after 1111
❌ msgId=2612: Too Many Requests: retry after 1111
❌ msgId=2613: Too Many Requests: retry after 1110
❌ msgId=2614: Too Many Requests: retry after 1110
❌ msgId=2615: Too Many Requests: retry after 1109
❌ msgId=2616: Too Many Requests: retry after 1109
❌ msgId=2617: Too Many Requests: retry after 1108
❌ msgId=2618: Too Many Requests: retry after 1107
❌ msgId=2619: Too Many Requests: retry after 1107
❌ msgId=2620: Too Many Requests: retry after 1107
❌ msgId=2621: Too Many Requests: retry after 1106
❌ msgId=2622: Too Many Requests: retry after 1106
❌ msgId=2623: Too Many Requests: retry after 1105
❌ msgId=2625: Too Many Requests: retry after 1105
❌ msgId=2626: Too Many Requests: retry after 1104
❌ msgId=2627: Too Many Requests: retry after 1104
❌ msgId=2628: Too Many Requests: retry after 1104
❌ msgId=2629: Too Many Requests: retry after 1103
❌ msgId=2630: Too Many Requests: retry after 1102
❌ msgId=2631: Too Many Requests: retry after 1101
❌ msgId=2632: Too Many Requests: retry after 1101
❌ msgId=2633: Too Many Requests: retry after 1100
❌ msgId=2634: Too Many Requests: retry after 1100
❌ msgId=2639: Too Many Requests: retry after 1097
❌ msgId=2641: Too Many Requests: retry after 1097
❌ msgId=2642: Too Many Requests: retry after 1096
❌ msgId=2643: Too Many Requests: retry after 1096
❌ msgId=2644: Too Many Requests: retry after 1095
❌ msgId=2645: Too Many Requests: retry after 1095
❌ msgId=2646: Too Many Requests: retry after 1095
❌ msgId=2647: Too Many Requests: retry after 1094
❌ msgId=2648: Too Many Requests: retry after 1094
❌ msgId=2649: Too Many Requests: retry after 1093
❌ msgId=2650: Too Many Requests: retry after 1093
❌ msgId=2651: Too Many Requests: retry after 1092
❌ msgId=2652: Too Many Requests: retry after 1092
❌ msgId=2653: Too Many Requests: retry after 1092
❌ msgId=2654: Too Many Requests: retry after 1091
❌ msgId=2655: Too Many Requests: retry after 1091
❌ msgId=2656: Too Many Requests: retry after 1091
❌ msgId=2657: Too Many Requests: retry after 1090
❌ msgId=2658: Too Many Requests: retry after 1090
❌ msgId=2659: Too Many Requests: retry after 1089
❌ msgId=2660: Too Many Requests: retry after 1088
❌ msgId=2662: Too Many Requests: retry after 1087
❌ msgId=2663: Too Many Requests: retry after 1087
❌ msgId=2664: Too Many Requests: retry after 1086
❌ msgId=2665: Too Many Requests: retry after 1086
❌ msgId=2666: Too Many Requests: retry after 1086
❌ msgId=2667: Too Many Requests: retry after 1085
❌ msgId=2668: Too Many Requests: retry after 1085
❌ msgId=2669: Too Many Requests: retry after 1084
❌ msgId=2670: Too Many Requests: retry after 1084
❌ msgId=2671: Too Many Requests: retry after 1083
❌ msgId=2672: Too Many Requests: retry after 1083
❌ msgId=2673: Too Many Requests: retry after 1083
❌ msgId=2674: Too Many Requests: retry after 1082
❌ msgId=2675: Too Many Requests: retry after 1082
❌ msgId=2676: Too Many Requests: retry after 1081
❌ msgId=2677: Too Many Requests: retry after 1081
❌ msgId=2678: Too Many Requests: retry after 1081
❌ msgId=2679: Too Many Requests: retry after 1080
❌ msgId=2680: Too Many Requests: retry after 1079
❌ msgId=2681: Too Many Requests: retry after 1079
❌ msgId=2682: Too Many Requests: retry after 1078
❌ msgId=2683: Too Many Requests: retry after 1078
❌ msgId=2684: Too Many Requests: retry after 1077
❌ msgId=2685: Too Many Requests: retry after 1077
❌ msgId=2686: Too Many Requests: retry after 1076
❌ msgId=2687: Too Many Requests: retry after 1075
❌ msgId=2688: Too Many Requests: retry after 1074
❌ msgId=2689: Too Many Requests: retry after 1073
❌ msgId=2690: Too Many Requests: retry after 1073
❌ msgId=2691: Too Many Requests: retry after 1072
❌ msgId=2692: Too Many Requests: retry after 1072
❌ msgId=2693: Too Many Requests: retry after 1072
❌ msgId=2694: Too Many Requests: retry after 1071
❌ msgId=2695: Too Many Requests: retry after 1071
❌ msgId=2696: Too Many Requests: retry after 1071
❌ msgId=2697: Too Many Requests: retry after 1070
❌ msgId=2698: Too Many Requests: retry after 1070
❌ msgId=2699: Too Many Requests: retry after 1069
❌ msgId=2700: Too Many Requests: retry after 1069
❌ msgId=2701: Too Many Requests: retry after 1069
❌ msgId=2702: Too Many Requests: retry after 1068
❌ msgId=2703: Too Many Requests: retry after 1067
❌ msgId=2704: Too Many Requests: retry after 1067
❌ msgId=2705: Too Many Requests: retry after 1067
❌ msgId=2706: Too Many Requests: retry after 1066
❌ msgId=2707: Too Many Requests: retry after 1066
❌ msgId=2708: Too Many Requests: retry after 1066
❌ msgId=2709: Too Many Requests: retry after 1065
❌ msgId=2710: Too Many Requests: retry after 1065
❌ msgId=2711: Too Many Requests: retry after 1065
❌ msgId=2712: Too Many Requests: retry after 1064
❌ msgId=2713: Too Many Requests: retry after 1064
❌ msgId=2714: Too Many Requests: retry after 1064
❌ msgId=2715: Too Many Requests: retry after 1063
❌ msgId=2716: Too Many Requests: retry after 1063
❌ msgId=2717: Too Many Requests: retry after 1063
❌ msgId=2718: Too Many Requests: retry after 1062
❌ msgId=2719: Too Many Requests: retry after 1062
❌ msgId=2720: Too Many Requests: retry after 1061
❌ msgId=2721: Too Many Requests: retry after 1061
❌ msgId=2722: Too Many Requests: retry after 1061
❌ msgId=2723: Too Many Requests: retry after 1060
❌ msgId=2734: Too Many Requests: retry after 1054
❌ msgId=2735: Too Many Requests: retry after 1053
❌ msgId=2736: Too Many Requests: retry after 1053
❌ msgId=2737: Too Many Requests: retry after 1053
❌ msgId=2738: Too Many Requests: retry after 1052
❌ msgId=2739: Too Many Requests: retry after 1052
❌ msgId=2740: Too Many Requests: retry after 1051
❌ msgId=2741: Too Many Requests: retry after 1051
❌ msgId=2742: Too Many Requests: retry after 1051
❌ msgId=2743: Too Many Requests: retry after 1050
❌ msgId=2744: Too Many Requests: retry after 1050
❌ msgId=2745: Too Many Requests: retry after 1050
❌ msgId=2746: Too Many Requests: retry after 1049
❌ msgId=2747: Too Many Requests: retry after 1048
❌ msgId=2748: Too Many Requests: retry after 1047
❌ msgId=2749: Too Many Requests: retry after 1045
❌ msgId=2750: Too Many Requests: retry after 1045
❌ msgId=2751: Too Many Requests: retry after 1044
❌ msgId=2752: Too Many Requests: retry after 1044
❌ msgId=2753: Too Many Requests: retry after 1044
❌ msgId=2754: Too Many Requests: retry after 1043
❌ msgId=2755: Too Many Requests: retry after 1043
❌ msgId=2756: Too Many Requests: retry after 1043
❌ msgId=2757: Too Many Requests: retry after 1042
❌ msgId=2758: Too Many Requests: retry after 1042
❌ msgId=2759: Too Many Requests: retry after 1041
❌ msgId=2760: Too Many Requests: retry after 1041
❌ msgId=2761: Too Many Requests: retry after 1040
❌ msgId=2763: Too Many Requests: retry after 1040
❌ msgId=2764: Too Many Requests: retry after 1039
❌ msgId=2765: Too Many Requests: retry after 1039
❌ msgId=2766: Too Many Requests: retry after 1038
❌ msgId=2767: Too Many Requests: retry after 1037
❌ msgId=2768: Too Many Requests: retry after 1037
❌ msgId=2769: Too Many Requests: retry after 1036
❌ msgId=2772: Too Many Requests: retry after 1035
❌ msgId=2773: Too Many Requests: retry after 1034
❌ msgId=2774: Too Many Requests: retry after 1034
❌ msgId=2775: Too Many Requests: retry after 1034
❌ msgId=2776: Too Many Requests: retry after 1034
❌ msgId=2777: Too Many Requests: retry after 1033
❌ msgId=2778: Too Many Requests: retry after 1032
❌ msgId=2779: Too Many Requests: retry after 1032
❌ msgId=2780: Too Many Requests: retry after 1031
❌ msgId=2781: Too Many Requests: retry after 1030
❌ msgId=2782: Too Many Requests: retry after 1030
❌ msgId=2783: Too Many Requests: retry after 1030
❌ msgId=2784: Too Many Requests: retry after 1029
❌ msgId=2785: Too Many Requests: retry after 1029
❌ msgId=2786: Too Many Requests: retry after 1029
❌ msgId=2787: Too Many Requests: retry after 1028
❌ msgId=2788: Too Many Requests: retry after 1028
❌ msgId=2789: Too Many Requests: retry after 1027
❌ msgId=2790: Too Many Requests: retry after 1027
❌ msgId=2791: Too Many Requests: retry after 1026
❌ msgId=2792: Too Many Requests: retry after 1026
❌ msgId=2793: Too Many Requests: retry after 1026
❌ msgId=2794: Too Many Requests: retry after 1025
❌ msgId=2795: Too Many Requests: retry after 1024
❌ msgId=2796: Too Many Requests: retry after 1024
❌ msgId=2797: Too Many Requests: retry after 1024
❌ msgId=2798: Too Many Requests: retry after 1023
❌ msgId=2799: Too Many Requests: retry after 1023
❌ msgId=2800: Too Many Requests: retry after 1022
… 2800 | restored=2000 skipped=0 notFound=479 errors=321
❌ msgId=2801: Too Many Requests: retry after 1021
❌ msgId=2802: Too Many Requests: retry after 1021
❌ msgId=2803: Too Many Requests: retry after 1021
❌ msgId=2804: Too Many Requests: retry after 1020
❌ msgId=2805: Too Many Requests: retry after 1020
❌ msgId=2806: Too Many Requests: retry after 1019
❌ msgId=2807: Too Many Requests: retry after 1019
❌ msgId=2808: Too Many Requests: retry after 1019
❌ msgId=2809: Too Many Requests: retry after 1018
❌ msgId=2810: Too Many Requests: retry after 1017
❌ msgId=2811: Too Many Requests: retry after 1017
❌ msgId=2812: Too Many Requests: retry after 1016
❌ msgId=2813: Too Many Requests: retry after 1015
❌ msgId=2814: Too Many Requests: retry after 1014
❌ msgId=2815: Too Many Requests: retry after 1014
❌ msgId=2816: Too Many Requests: retry after 1013
❌ msgId=2817: Too Many Requests: retry after 1013
❌ msgId=2818: Too Many Requests: retry after 1011
❌ msgId=2819: Too Many Requests: retry after 1011
❌ msgId=2820: Too Many Requests: retry after 1011
❌ msgId=2821: Too Many Requests: retry after 1010
❌ msgId=2822: Too Many Requests: retry after 1010
❌ msgId=2823: Too Many Requests: retry after 1010
❌ msgId=2824: Too Many Requests: retry after 1010
❌ msgId=2825: Too Many Requests: retry after 1009
❌ msgId=2826: Too Many Requests: retry after 1009
❌ msgId=2827: Too Many Requests: retry after 1008
❌ msgId=2828: Too Many Requests: retry after 1008
❌ msgId=2829: Too Many Requests: retry after 1007
❌ msgId=2830: Too Many Requests: retry after 1006
❌ msgId=2831: Too Many Requests: retry after 1005
❌ msgId=2832: Too Many Requests: retry after 1005
❌ msgId=2833: Too Many Requests: retry after 1003
❌ msgId=2834: Too Many Requests: retry after 1003
❌ msgId=2835: Too Many Requests: retry after 1003
❌ msgId=2836: Too Many Requests: retry after 1002
❌ msgId=2837: Too Many Requests: retry after 1002
❌ msgId=2838: Too Many Requests: retry after 999
❌ msgId=2839: Too Many Requests: retry after 999
❌ msgId=2840: Too Many Requests: retry after 998
❌ msgId=2841: Too Many Requests: retry after 998
❌ msgId=2842: Too Many Requests: retry after 998
❌ msgId=2843: Too Many Requests: retry after 997
❌ msgId=2844: Too Many Requests: retry after 997
❌ msgId=2845: Too Many Requests: retry after 996
❌ msgId=2846: Too Many Requests: retry after 996
❌ msgId=2847: Too Many Requests: retry after 996
❌ msgId=2848: Too Many Requests: retry after 995
❌ msgId=2849: Too Many Requests: retry after 994
❌ msgId=2850: Too Many Requests: retry after 994
❌ msgId=2851: Too Many Requests: retry after 993
❌ msgId=2852: Too Many Requests: retry after 993
❌ msgId=2853: Too Many Requests: retry after 993
❌ msgId=2854: Too Many Requests: retry after 992
❌ msgId=2855: Too Many Requests: retry after 992
❌ msgId=2856: Too Many Requests: retry after 992
❌ msgId=2857: Too Many Requests: retry after 991
❌ msgId=2858: Too Many Requests: retry after 991
❌ msgId=2859: Too Many Requests: retry after 990
❌ msgId=2860: Too Many Requests: retry after 990
❌ msgId=2861: Too Many Requests: retry after 990
❌ msgId=2862: Too Many Requests: retry after 989
❌ msgId=2863: Too Many Requests: retry after 989
❌ msgId=2864: Too Many Requests: retry after 989
❌ msgId=2865: Too Many Requests: retry after 988
❌ msgId=2866: Too Many Requests: retry after 988
❌ msgId=2867: Too Many Requests: retry after 988
❌ msgId=2868: Too Many Requests: retry after 987
❌ msgId=2869: Too Many Requests: retry after 987
❌ msgId=2872: Too Many Requests: retry after 986
❌ msgId=2873: Too Many Requests: retry after 985
❌ msgId=2874: Too Many Requests: retry after 985
❌ msgId=2875: Too Many Requests: retry after 985
❌ msgId=2876: Too Many Requests: retry after 984
❌ msgId=2877: Too Many Requests: retry after 984
❌ msgId=2878: Too Many Requests: retry after 984
❌ msgId=2879: Too Many Requests: retry after 983
❌ msgId=2880: Too Many Requests: retry after 983
❌ msgId=2881: Too Many Requests: retry after 982
❌ msgId=2882: Too Many Requests: retry after 982
❌ msgId=2883: Too Many Requests: retry after 981
❌ msgId=2884: Too Many Requests: retry after 981
❌ msgId=2885: Too Many Requests: retry after 980
❌ msgId=2886: Too Many Requests: retry after 980
❌ msgId=2887: Too Many Requests: retry after 980
❌ msgId=2888: Too Many Requests: retry after 979
❌ msgId=2889: Too Many Requests: retry after 979
❌ msgId=2890: Too Many Requests: retry after 978
❌ msgId=2892: Too Many Requests: retry after 978
❌ msgId=2893: Too Many Requests: retry after 977
❌ msgId=2894: Too Many Requests: retry after 977
❌ msgId=2895: Too Many Requests: retry after 977
❌ msgId=2898: Too Many Requests: retry after 976
❌ msgId=2899: Too Many Requests: retry after 975
❌ msgId=2900: Too Many Requests: retry after 975
❌ msgId=2901: Too Many Requests: retry after 974
❌ msgId=2902: Too Many Requests: retry after 974
❌ msgId=2903: Too Many Requests: retry after 974
❌ msgId=2904: Too Many Requests: retry after 973
❌ msgId=2905: Too Many Requests: retry after 973
❌ msgId=2906: Too Many Requests: retry after 972
❌ msgId=2907: Too Many Requests: retry after 972
❌ msgId=2908: Too Many Requests: retry after 971
❌ msgId=2909: Too Many Requests: retry after 971
❌ msgId=2910: Too Many Requests: retry after 971
❌ msgId=2911: Too Many Requests: retry after 970
❌ msgId=2912: Too Many Requests: retry after 970
❌ msgId=2913: Too Many Requests: retry after 969
❌ msgId=2914: Too Many Requests: retry after 969
❌ msgId=2915: Too Many Requests: retry after 969
❌ msgId=2916: Too Many Requests: retry after 969
❌ msgId=2917: Too Many Requests: retry after 968
❌ msgId=2918: Too Many Requests: retry after 967
❌ msgId=2919: Too Many Requests: retry after 966
❌ msgId=2920: Too Many Requests: retry after 965
❌ msgId=2921: Too Many Requests: retry after 964
❌ msgId=2922: Too Many Requests: retry after 964
❌ msgId=2924: Too Many Requests: retry after 962
❌ msgId=2925: Too Many Requests: retry after 962
❌ msgId=2926: Too Many Requests: retry after 962
❌ msgId=2927: Too Many Requests: retry after 961
❌ msgId=2928: Too Many Requests: retry after 961
❌ msgId=2929: Too Many Requests: retry after 961
❌ msgId=2930: Too Many Requests: retry after 960
❌ msgId=2931: Too Many Requests: retry after 960
❌ msgId=2932: Too Many Requests: retry after 960
❌ msgId=2933: Too Many Requests: retry after 959
❌ msgId=2934: Too Many Requests: retry after 959
❌ msgId=2988: Too Many Requests: retry after 935
❌ msgId=2989: Too Many Requests: retry after 935
❌ msgId=2990: Too Many Requests: retry after 935
❌ msgId=2991: Too Many Requests: retry after 934
❌ msgId=2992: Too Many Requests: retry after 934
❌ msgId=2993: Too Many Requests: retry after 933
❌ msgId=2994: Too Many Requests: retry after 933
❌ msgId=2995: Too Many Requests: retry after 931
❌ msgId=2996: Too Many Requests: retry after 931
❌ msgId=2997: Too Many Requests: retry after 930
❌ msgId=2998: Too Many Requests: retry after 929
❌ msgId=2999: Too Many Requests: retry after 929
❌ msgId=3000: Too Many Requests: retry after 929
… 3000 | restored=2000 skipped=0 notFound=538 errors=462
❌ msgId=3001: Too Many Requests: retry after 928
❌ msgId=3002: Too Many Requests: retry after 927
❌ msgId=3003: Too Many Requests: retry after 927
❌ msgId=3004: Too Many Requests: retry after 925
❌ msgId=3005: Too Many Requests: retry after 925
❌ msgId=3006: Too Many Requests: retry after 924
❌ msgId=3007: Too Many Requests: retry after 923
❌ msgId=3008: Too Many Requests: retry after 923
❌ msgId=3009: Too Many Requests: retry after 922
❌ msgId=3010: Too Many Requests: retry after 922
❌ msgId=3011: Too Many Requests: retry after 922
❌ msgId=3012: Too Many Requests: retry after 921
❌ msgId=3013: Too Many Requests: retry after 920
❌ msgId=3014: Too Many Requests: retry after 919
❌ msgId=3015: Too Many Requests: retry after 919
❌ msgId=3016: Too Many Requests: retry after 919
❌ msgId=3017: Too Many Requests: retry after 918
❌ msgId=3018: Too Many Requests: retry after 917
❌ msgId=3019: Too Many Requests: retry after 916
❌ msgId=3020: Too Many Requests: retry after 916
❌ msgId=3021: Too Many Requests: retry after 916
❌ msgId=3022: Too Many Requests: retry after 914
❌ msgId=3023: Too Many Requests: retry after 913
❌ msgId=3024: Too Many Requests: retry after 913
❌ msgId=3025: Too Many Requests: retry after 913
❌ msgId=3026: Too Many Requests: retry after 912
❌ msgId=3027: Too Many Requests: retry after 912
❌ msgId=3028: Too Many Requests: retry after 912
❌ msgId=3029: Too Many Requests: retry after 911
❌ msgId=3033: Too Many Requests: retry after 910
❌ msgId=3034: Too Many Requests: retry after 909
❌ msgId=3035: Too Many Requests: retry after 909
❌ msgId=3036: Too Many Requests: retry after 909
❌ msgId=3037: Too Many Requests: retry after 908
❌ msgId=3038: Too Many Requests: retry after 908
❌ msgId=3039: Too Many Requests: retry after 908
❌ msgId=3040: Too Many Requests: retry after 907
❌ msgId=3041: Too Many Requests: retry after 906
❌ msgId=3042: Too Many Requests: retry after 904
❌ msgId=3046: Too Many Requests: retry after 902
❌ msgId=3047: Too Many Requests: retry after 901
❌ msgId=3048: Too Many Requests: retry after 901
❌ msgId=3049: Too Many Requests: retry after 900
❌ msgId=3050: Too Many Requests: retry after 900
❌ msgId=3051: Too Many Requests: retry after 900
❌ msgId=3052: Too Many Requests: retry after 898
❌ msgId=3053: Too Many Requests: retry after 897
❌ msgId=3054: Too Many Requests: retry after 897
❌ msgId=3055: Too Many Requests: retry after 896
❌ msgId=3056: Too Many Requests: retry after 893
❌ msgId=3057: Too Many Requests: retry after 893
❌ msgId=3058: Too Many Requests: retry after 893
❌ msgId=3059: Too Many Requests: retry after 892
❌ msgId=3060: Too Many Requests: retry after 892
❌ msgId=3061: Too Many Requests: retry after 891
❌ msgId=3062: Too Many Requests: retry after 891
❌ msgId=3063: Too Many Requests: retry after 889
❌ msgId=3064: Too Many Requests: retry after 888
❌ msgId=3065: Too Many Requests: retry after 888
❌ msgId=3066: Too Many Requests: retry after 887
❌ msgId=3067: Too Many Requests: retry after 887
❌ msgId=3068: Too Many Requests: retry after 886
❌ msgId=3069: Too Many Requests: retry after 886
❌ msgId=3070: Too Many Requests: retry after 884
❌ msgId=3071: Too Many Requests: retry after 883
❌ msgId=3072: Too Many Requests: retry after 883
❌ msgId=3073: Too Many Requests: retry after 882
❌ msgId=3074: Too Many Requests: retry after 881
❌ msgId=3075: Too Many Requests: retry after 881
❌ msgId=3076: Too Many Requests: retry after 880
❌ msgId=3077: Too Many Requests: retry after 879
❌ msgId=3078: Too Many Requests: retry after 878
❌ msgId=3079: Too Many Requests: retry after 877
❌ msgId=3080: Too Many Requests: retry after 877
❌ msgId=3081: Too Many Requests: retry after 876
❌ msgId=3082: Too Many Requests: retry after 876
❌ msgId=3083: Too Many Requests: retry after 875
❌ msgId=3084: Too Many Requests: retry after 875
❌ msgId=3085: Too Many Requests: retry after 874
❌ msgId=3086: Too Many Requests: retry after 874
❌ msgId=3087: Too Many Requests: retry after 873
❌ msgId=3088: Too Many Requests: retry after 873
❌ msgId=3089: Too Many Requests: retry after 873
❌ msgId=3090: Too Many Requests: retry after 872
❌ msgId=3091: Too Many Requests: retry after 872
❌ msgId=3092: Too Many Requests: retry after 872
❌ msgId=3093: Too Many Requests: retry after 871
❌ msgId=3094: Too Many Requests: retry after 871
❌ msgId=3095: Too Many Requests: retry after 871
❌ msgId=3096: Too Many Requests: retry after 870
❌ msgId=3097: Too Many Requests: retry after 864
❌ msgId=3098: Too Many Requests: retry after 864
❌ msgId=3099: Too Many Requests: retry after 864
❌ msgId=3100: Too Many Requests: retry after 863
❌ msgId=3101: Too Many Requests: retry after 863
❌ msgId=3102: Too Many Requests: retry after 863
❌ msgId=3103: Too Many Requests: retry after 862
❌ msgId=3104: Too Many Requests: retry after 862
❌ msgId=3105: Too Many Requests: retry after 862
❌ msgId=3106: Too Many Requests: retry after 861
❌ msgId=3107: Too Many Requests: retry after 861
❌ msgId=3108: Too Many Requests: retry after 860
❌ msgId=3109: Too Many Requests: retry after 860
❌ msgId=3110: Too Many Requests: retry after 860
❌ msgId=3111: Too Many Requests: retry after 859
❌ msgId=3112: Too Many Requests: retry after 859
❌ msgId=3113: Too Many Requests: retry after 859
❌ msgId=3114: Too Many Requests: retry after 858
❌ msgId=3115: Too Many Requests: retry after 858
❌ msgId=3116: Too Many Requests: retry after 858
❌ msgId=3117: Too Many Requests: retry after 857
❌ msgId=3118: Too Many Requests: retry after 857
❌ msgId=3119: Too Many Requests: retry after 856
❌ msgId=3120: Too Many Requests: retry after 856
❌ msgId=3121: Too Many Requests: retry after 856
❌ msgId=3122: Too Many Requests: retry after 856
❌ msgId=3123: Too Many Requests: retry after 855
❌ msgId=3124: Too Many Requests: retry after 855
❌ msgId=3125: Too Many Requests: retry after 854
❌ msgId=3126: Too Many Requests: retry after 854
❌ msgId=3127: Too Many Requests: retry after 854
❌ msgId=3128: Too Many Requests: retry after 853
❌ msgId=3129: Too Many Requests: retry after 853
❌ msgId=3130: Too Many Requests: retry after 853
❌ msgId=3131: Too Many Requests: retry after 852
❌ msgId=3132: Too Many Requests: retry after 852
❌ msgId=3133: Too Many Requests: retry after 852
❌ msgId=3135: Too Many Requests: retry after 851
❌ msgId=3136: Too Many Requests: retry after 851
❌ msgId=3137: Too Many Requests: retry after 850
❌ msgId=3138: Too Many Requests: retry after 850
❌ msgId=3139: Too Many Requests: retry after 848
❌ msgId=3140: Too Many Requests: retry after 848
❌ msgId=3141: Too Many Requests: retry after 848
❌ msgId=3142: Too Many Requests: retry after 847
❌ msgId=3143: Too Many Requests: retry after 847
❌ msgId=3144: Too Many Requests: retry after 846
❌ msgId=3145: Too Many Requests: retry after 845
❌ msgId=3146: Too Many Requests: retry after 845
❌ msgId=3147: Too Many Requests: retry after 844
❌ msgId=3148: Too Many Requests: retry after 844
❌ msgId=3149: Too Many Requests: retry after 843
❌ msgId=3150: Too Many Requests: retry after 842
❌ msgId=3151: Too Many Requests: retry after 842
❌ msgId=3152: Too Many Requests: retry after 841
❌ msgId=3153: Too Many Requests: retry after 841
❌ msgId=3154: Too Many Requests: retry after 840
❌ msgId=3155: Too Many Requests: retry after 840
❌ msgId=3156: Too Many Requests: retry after 840
❌ msgId=3157: Too Many Requests: retry after 839
❌ msgId=3158: Too Many Requests: retry after 839
❌ msgId=3159: Too Many Requests: retry after 839
❌ msgId=3160: Too Many Requests: retry after 838
❌ msgId=3161: Too Many Requests: retry after 838
❌ msgId=3162: Too Many Requests: retry after 837
❌ msgId=3163: Too Many Requests: retry after 837
❌ msgId=3164: Too Many Requests: retry after 836
❌ msgId=3165: Too Many Requests: retry after 835
❌ msgId=3166: Too Many Requests: retry after 835
❌ msgId=3167: Too Many Requests: retry after 834
❌ msgId=3168: Too Many Requests: retry after 834
❌ msgId=3169: Too Many Requests: retry after 834
❌ msgId=3170: Too Many Requests: retry after 833
❌ msgId=3171: Too Many Requests: retry after 832
❌ msgId=3172: Too Many Requests: retry after 832
… 3200 | restored=2000 skipped=0 notFound=573 errors=627
❌ msgId=3205: Too Many Requests: retry after 821
… 3400 | restored=2000 skipped=0 notFound=772 errors=628
